Determining if the pthread_create exist failed with the following output:
Change Dir: /home/student/Documents/ros9-15/build/CMakeFiles/CMakeTmp

Run Build Command:"/usr/bin/make" "cmTC_abc76/fast"
/usr/bin/make -f CMakeFiles/cmTC_abc76.dir/build.make CMakeFiles/cmTC_abc76.dir/build
make[1]: Entering directory '/home/student/Documents/ros9-15/build/CMakeFiles/CMakeTmp'
Building C object CMakeFiles/cmTC_abc76.dir/CheckSymbolExists.c.o
/usr/bin/cc    -o CMakeFiles/cmTC_abc76.dir/CheckSymbolExists.c.o   -c /home/student/Documents/ros9-15/build/CMakeFiles/CMakeTmp/CheckSymbolExists.c
Linking C executable cmTC_abc76
/usr/bin/cmake -E cmake_link_script CMakeFiles/cmTC_abc76.dir/link.txt --verbose=1
/usr/bin/cc      -rdynamic CMakeFiles/cmTC_abc76.dir/CheckSymbolExists.c.o  -o cmTC_abc76 
CMakeFiles/cmTC_abc76.dir/CheckSymbolExists.c.o: In function `main':
CheckSymbolExists.c:(.text+0x1b): undefined reference to `pthread_create'
collect2: error: ld returned 1 exit status
CMakeFiles/cmTC_abc76.dir/build.make:97: recipe for target 'cmTC_abc76' failed
make[1]: *** [cmTC_abc76] Error 1
make[1]: Leaving directory '/home/student/Documents/ros9-15/build/CMakeFiles/CMakeTmp'
Makefile:126: recipe for target 'cmTC_abc76/fast' failed
make: *** [cmTC_abc76/fast] Error 2

File /home/student/Documents/ros9-15/build/CMakeFiles/CMakeTmp/CheckSymbolExists.c:
/* */
#include <pthread.h>

int main(int argc, char** argv)
{
  (void)argv;
#ifndef pthread_create
  return ((int*)(&pthread_create))[argc];
#else
  (void)argc;
  return 0;
#endif
}

Determining if the function pthread_create exists in the pthreads failed with the following output:
Change Dir: /home/student/Documents/ros9-15/build/CMakeFiles/CMakeTmp

Run Build Command:"/usr/bin/make" "cmTC_42fde/fast"
/usr/bin/make -f CMakeFiles/cmTC_42fde.dir/build.make CMakeFiles/cmTC_42fde.dir/build
make[1]: Entering directory '/home/student/Documents/ros9-15/build/CMakeFiles/CMakeTmp'
Building C object CMakeFiles/cmTC_42fde.dir/CheckFunctionExists.c.o
/usr/bin/cc   -DCHECK_FUNCTION_EXISTS=pthread_create   -o CMakeFiles/cmTC_42fde.dir/CheckFunctionExists.c.o   -c /usr/share/cmake-3.10/Modules/CheckFunctionExists.c
Linking C executable cmTC_42fde
/usr/bin/cmake -E cmake_link_script CMakeFiles/cmTC_42fde.dir/link.txt --verbose=1
/usr/bin/cc  -DCHECK_FUNCTION_EXISTS=pthread_create    -rdynamic CMakeFiles/cmTC_42fde.dir/CheckFunctionExists.c.o  -o cmTC_42fde -lpthreads 
/usr/bin/ld: cannot find -lpthreads
collect2: error: ld returned 1 exit status
CMakeFiles/cmTC_42fde.dir/build.make:97: recipe for target 'cmTC_42fde' failed
make[1]: *** [cmTC_42fde] Error 1
make[1]: Leaving directory '/home/student/Documents/ros9-15/build/CMakeFiles/CMakeTmp'
Makefile:126: recipe for target 'cmTC_42fde/fast' failed
make: *** [cmTC_42fde/fast] Error 2


Determining if the Q_WS_WIN exist failed with the following output:
Change Dir: /home/student/Documents/ros9-15/build/CMakeFiles/CMakeTmp

Run Build Command:"/usr/bin/make" "cmTC_67968/fast"
/usr/bin/make -f CMakeFiles/cmTC_67968.dir/build.make CMakeFiles/cmTC_67968.dir/build
make[1]: Entering directory '/home/student/Documents/ros9-15/build/CMakeFiles/CMakeTmp'
Building CXX object CMakeFiles/cmTC_67968.dir/CheckSymbolExists.cxx.o
/usr/bin/c++   -I/usr/include/qt4   -o CMakeFiles/cmTC_67968.dir/CheckSymbolExists.cxx.o -c /home/student/Documents/ros9-15/build/CMakeFiles/CMakeTmp/CheckSymbolExists.cxx
/home/student/Documents/ros9-15/build/CMakeFiles/CMakeTmp/CheckSymbolExists.cxx: In function ‘int main(int, char**)’:
/home/student/Documents/ros9-15/build/CMakeFiles/CMakeTmp/CheckSymbolExists.cxx:8:19: error: ‘Q_WS_WIN’ was not declared in this scope
   return ((int*)(&Q_WS_WIN))[argc];
                   ^~~~~~~~
/home/student/Documents/ros9-15/build/CMakeFiles/CMakeTmp/CheckSymbolExists.cxx:8:19: note: suggested alternative: ‘Q_WS_X11’
   return ((int*)(&Q_WS_WIN))[argc];
                   ^~~~~~~~
                   Q_WS_X11
CMakeFiles/cmTC_67968.dir/build.make:65: recipe for target 'CMakeFiles/cmTC_67968.dir/CheckSymbolExists.cxx.o' failed
make[1]: *** [CMakeFiles/cmTC_67968.dir/CheckSymbolExists.cxx.o] Error 1
make[1]: Leaving directory '/home/student/Documents/ros9-15/build/CMakeFiles/CMakeTmp'
Makefile:126: recipe for target 'cmTC_67968/fast' failed
make: *** [cmTC_67968/fast] Error 2

File /home/student/Documents/ros9-15/build/CMakeFiles/CMakeTmp/CheckSymbolExists.cxx:
/* */
#include <QtCore/qglobal.h>

int main(int argc, char** argv)
{
  (void)argv;
#ifndef Q_WS_WIN
  return ((int*)(&Q_WS_WIN))[argc];
#else
  (void)argc;
  return 0;
#endif
}

Determining if the Q_WS_QWS exist failed with the following output:
Change Dir: /home/student/Documents/ros9-15/build/CMakeFiles/CMakeTmp

Run Build Command:"/usr/bin/make" "cmTC_b9dac/fast"
/usr/bin/make -f CMakeFiles/cmTC_b9dac.dir/build.make CMakeFiles/cmTC_b9dac.dir/build
make[1]: Entering directory '/home/student/Documents/ros9-15/build/CMakeFiles/CMakeTmp'
Building CXX object CMakeFiles/cmTC_b9dac.dir/CheckSymbolExists.cxx.o
/usr/bin/c++   -I/usr/include/qt4   -o CMakeFiles/cmTC_b9dac.dir/CheckSymbolExists.cxx.o -c /home/student/Documents/ros9-15/build/CMakeFiles/CMakeTmp/CheckSymbolExists.cxx
/home/student/Documents/ros9-15/build/CMakeFiles/CMakeTmp/CheckSymbolExists.cxx: In function ‘int main(int, char**)’:
/home/student/Documents/ros9-15/build/CMakeFiles/CMakeTmp/CheckSymbolExists.cxx:8:19: error: ‘Q_WS_QWS’ was not declared in this scope
   return ((int*)(&Q_WS_QWS))[argc];
                   ^~~~~~~~
/home/student/Documents/ros9-15/build/CMakeFiles/CMakeTmp/CheckSymbolExists.cxx:8:19: note: suggested alternative: ‘Q_WS_X11’
   return ((int*)(&Q_WS_QWS))[argc];
                   ^~~~~~~~
                   Q_WS_X11
CMakeFiles/cmTC_b9dac.dir/build.make:65: recipe for target 'CMakeFiles/cmTC_b9dac.dir/CheckSymbolExists.cxx.o' failed
make[1]: *** [CMakeFiles/cmTC_b9dac.dir/CheckSymbolExists.cxx.o] Error 1
make[1]: Leaving directory '/home/student/Documents/ros9-15/build/CMakeFiles/CMakeTmp'
Makefile:126: recipe for target 'cmTC_b9dac/fast' failed
make: *** [cmTC_b9dac/fast] Error 2

File /home/student/Documents/ros9-15/build/CMakeFiles/CMakeTmp/CheckSymbolExists.cxx:
/* */
#include <QtCore/qglobal.h>

int main(int argc, char** argv)
{
  (void)argv;
#ifndef Q_WS_QWS
  return ((int*)(&Q_WS_QWS))[argc];
#else
  (void)argc;
  return 0;
#endif
}

Determining if the Q_WS_MAC exist failed with the following output:
Change Dir: /home/student/Documents/ros9-15/build/CMakeFiles/CMakeTmp

Run Build Command:"/usr/bin/make" "cmTC_67271/fast"
/usr/bin/make -f CMakeFiles/cmTC_67271.dir/build.make CMakeFiles/cmTC_67271.dir/build
make[1]: Entering directory '/home/student/Documents/ros9-15/build/CMakeFiles/CMakeTmp'
Building CXX object CMakeFiles/cmTC_67271.dir/CheckSymbolExists.cxx.o
/usr/bin/c++   -I/usr/include/qt4   -o CMakeFiles/cmTC_67271.dir/CheckSymbolExists.cxx.o -c /home/student/Documents/ros9-15/build/CMakeFiles/CMakeTmp/CheckSymbolExists.cxx
/home/student/Documents/ros9-15/build/CMakeFiles/CMakeTmp/CheckSymbolExists.cxx: In function ‘int main(int, char**)’:
/home/student/Documents/ros9-15/build/CMakeFiles/CMakeTmp/CheckSymbolExists.cxx:8:19: error: ‘Q_WS_MAC’ was not declared in this scope
   return ((int*)(&Q_WS_MAC))[argc];
                   ^~~~~~~~
/home/student/Documents/ros9-15/build/CMakeFiles/CMakeTmp/CheckSymbolExists.cxx:8:19: note: suggested alternative: ‘Q_WS_X11’
   return ((int*)(&Q_WS_MAC))[argc];
                   ^~~~~~~~
                   Q_WS_X11
CMakeFiles/cmTC_67271.dir/build.make:65: recipe for target 'CMakeFiles/cmTC_67271.dir/CheckSymbolExists.cxx.o' failed
make[1]: *** [CMakeFiles/cmTC_67271.dir/CheckSymbolExists.cxx.o] Error 1
make[1]: Leaving directory '/home/student/Documents/ros9-15/build/CMakeFiles/CMakeTmp'
Makefile:126: recipe for target 'cmTC_67271/fast' failed
make: *** [cmTC_67271/fast] Error 2

File /home/student/Documents/ros9-15/build/CMakeFiles/CMakeTmp/CheckSymbolExists.cxx:
/* */
#include <QtCore/qglobal.h>

int main(int argc, char** argv)
{
  (void)argv;
#ifndef Q_WS_MAC
  return ((int*)(&Q_WS_MAC))[argc];
#else
  (void)argc;
  return 0;
#endif
}

